1629088965: mosquitto version 2.0.11 starting
1629088965: Config loaded from /mosquitto/config/mosquitto.conf.
1629088965: Error: Unable to open pwfile "/mosquitto/config/pwfile".
1629088965: Error opening password file "/mosquitto/config/pwfile".
1629088972: mosquitto version 2.0.11 starting
1629088972: Config loaded from /mosquitto/config/mosquitto.conf.
1629088972: Error: Unable to open pwfile "/mosquitto/config/pwfile".
1629088972: Error opening password file "/mosquitto/config/pwfile".
1629088974: mosquitto version 2.0.11 starting
1629088974: Config loaded from /mosquitto/config/mosquitto.conf.
1629088974: Error: Unable to open pwfile "/mosquitto/config/pwfile".
1629088974: Error opening password file "/mosquitto/config/pwfile".
1629088977: mosquitto version 2.0.11 starting
1629088977: Config loaded from /mosquitto/config/mosquitto.conf.
1629088977: Error: Unable to open pwfile "/mosquitto/config/pwfile".
1629088977: Error opening password file "/mosquitto/config/pwfile".
1629088979: mosquitto version 2.0.11 starting
1629088979: Config loaded from /mosquitto/config/mosquitto.conf.
1629088979: Error: Unable to open pwfile "/mosquitto/config/pwfile".
1629088979: Error opening password file "/mosquitto/config/pwfile".
1629088983: mosquitto version 2.0.11 starting
1629088983: Config loaded from /mosquitto/config/mosquitto.conf.
1629088983: Error: Unable to open pwfile "/mosquitto/config/pwfile".
1629088983: Error opening password file "/mosquitto/config/pwfile".
1629088987: mosquitto version 2.0.11 starting
1629088987: Config loaded from /mosquitto/config/mosquitto.conf.
1629088987: Error: Unable to open pwfile "/mosquitto/config/pwfile".
1629088987: Error opening password file "/mosquitto/config/pwfile".
1629088995: mosquitto version 2.0.11 starting
1629088995: Config loaded from /mosquitto/config/mosquitto.conf.
1629088995: Error: Unable to open pwfile "/mosquitto/config/pwfile".
1629088995: Error opening password file "/mosquitto/config/pwfile".
1629089014: mosquitto version 2.0.11 starting
1629089014: Config loaded from /mosquitto/config/mosquitto.conf.
1629089014: Error: Unable to open pwfile "/mosquitto/config/pwfile".
1629089014: Error opening password file "/mosquitto/config/pwfile".
1629089042: mosquitto version 2.0.11 starting
1629089042: Config loaded from /mosquitto/config/mosquitto.conf.
1629089042: Error: Unable to open pwfile "/mosquitto/config/pwfile".
1629089042: Error opening password file "/mosquitto/config/pwfile".
1629089095: mosquitto version 2.0.11 starting
1629089095: Config loaded from /mosquitto/config/mosquitto.conf.
1629089095: Error: Unable to open pwfile "/mosquitto/config/pwfile".
1629089095: Error opening password file "/mosquitto/config/pwfile".
1629089157: mosquitto version 2.0.11 starting
1629089157: Config loaded from /mosquitto/config/mosquitto.conf.
1629089157: Error: Unable to open pwfile "/mosquitto/config/pwfile".
1629089157: Error opening password file "/mosquitto/config/pwfile".
1629089218: mosquitto version 2.0.11 starting
1629089218: Config loaded from /mosquitto/config/mosquitto.conf.
1629089218: Error: Unable to open pwfile "/mosquitto/config/pwfile".
1629089218: Error opening password file "/mosquitto/config/pwfile".
1629089280: mosquitto version 2.0.11 starting
1629089280: Config loaded from /mosquitto/config/mosquitto.conf.
1629089280: Error: Unable to open pwfile "/mosquitto/config/pwfile".
1629089280: Error opening password file "/mosquitto/config/pwfile".
1629089342: mosquitto version 2.0.11 starting
1629089342: Config loaded from /mosquitto/config/mosquitto.conf.
1629089342: Error: Unable to open pwfile "/mosquitto/config/pwfile".
1629089342: Error opening password file "/mosquitto/config/pwfile".
1629089403: mosquitto version 2.0.11 starting
1629089403: Config loaded from /mosquitto/config/mosquitto.conf.
1629089403: Error: Unable to open pwfile "/mosquitto/config/pwfile".
1629089403: Error opening password file "/mosquitto/config/pwfile".
1629089465: mosquitto version 2.0.11 starting
1629089465: Config loaded from /mosquitto/config/mosquitto.conf.
1629089465: Opening ipv4 listen socket on port 1883.
1629089465: mosquitto version 2.0.11 running
1629089693: mosquitto version 2.0.11 terminating
1629089693: Saving in-memory database to /mosquitto/data//mosquitto.db.
1629089700: mosquitto version 2.0.11 starting
1629089700: Config loaded from /mosquitto/config/mosquitto.conf.
1629089700: Error: Unable to open pwfile "/mosquitto/config/pwfile".
1629089700: Error opening password file "/mosquitto/config/pwfile".
1629089703: mosquitto version 2.0.11 starting
1629089703: Config loaded from /mosquitto/config/mosquitto.conf.
1629089703: Error: Unable to open pwfile "/mosquitto/config/pwfile".
1629089703: Error opening password file "/mosquitto/config/pwfile".
1629089705: mosquitto version 2.0.11 starting
1629089705: Config loaded from /mosquitto/config/mosquitto.conf.
1629089705: Error: Unable to open pwfile "/mosquitto/config/pwfile".
1629089705: Error opening password file "/mosquitto/config/pwfile".
1629089707: mosquitto version 2.0.11 starting
1629089707: Config loaded from /mosquitto/config/mosquitto.conf.
1629089707: Error: Unable to open pwfile "/mosquitto/config/pwfile".
1629089707: Error opening password file "/mosquitto/config/pwfile".
1629089710: mosquitto version 2.0.11 starting
1629089710: Config loaded from /mosquitto/config/mosquitto.conf.
1629089710: Error: Unable to open pwfile "/mosquitto/config/pwfile".
1629089710: Error opening password file "/mosquitto/config/pwfile".
1629089713: mosquitto version 2.0.11 starting
1629089713: Config loaded from /mosquitto/config/mosquitto.conf.
1629089713: Error: Unable to open pwfile "/mosquitto/config/pwfile".
1629089713: Error opening password file "/mosquitto/config/pwfile".
1629089718: mosquitto version 2.0.11 starting
1629089718: Config loaded from /mosquitto/config/mosquitto.conf.
1629089718: Error: Unable to open pwfile "/mosquitto/config/pwfile".
1629089718: Error opening password file "/mosquitto/config/pwfile".
1629089726: mosquitto version 2.0.11 starting
1629089726: Config loaded from /mosquitto/config/mosquitto.conf.
1629089726: Error: Unable to open pwfile "/mosquitto/config/pwfile".
1629089726: Error opening password file "/mosquitto/config/pwfile".
1629089741: mosquitto version 2.0.11 starting
1629089741: Config loaded from /mosquitto/config/mosquitto.conf.
1629089741: Error: Unable to open pwfile "/mosquitto/config/pwfile".
1629089741: Error opening password file "/mosquitto/config/pwfile".
1629089768: mosquitto version 2.0.11 starting
1629089768: Config loaded from /mosquitto/config/mosquitto.conf.
1629089768: Error: Unable to open pwfile "/mosquitto/config/pwfile".
1629089768: Error opening password file "/mosquitto/config/pwfile".
1629089824: mosquitto version 2.0.11 starting
1629089824: Config loaded from /mosquitto/config/mosquitto.conf.
1629089824: Error: Unable to open pwfile "/mosquitto/config/pwfile".
1629089824: Error opening password file "/mosquitto/config/pwfile".
1629089886: mosquitto version 2.0.11 starting
1629089886: Config loaded from /mosquitto/config/mosquitto.conf.
1629089886: Error: Unable to open pwfile "/mosquitto/config/pwfile".
1629089886: Error opening password file "/mosquitto/config/pwfile".
1629089948: mosquitto version 2.0.11 starting
1629089948: Config loaded from /mosquitto/config/mosquitto.conf.
1629089948: Error: Unable to open pwfile "/mosquitto/config/pwfile".
1629089948: Error opening password file "/mosquitto/config/pwfile".
1629090014: mosquitto version 2.0.11 starting
1629090014: Config loaded from /mosquitto/config/mosquitto.conf.
1629090014: Error: Unable to open pwfile "/mosquitto/config/pwfile".
1629090014: Error opening password file "/mosquitto/config/pwfile".
1629090076: mosquitto version 2.0.11 starting
1629090076: Config loaded from /mosquitto/config/mosquitto.conf.
1629090076: Error: Unable to open pwfile "/mosquitto/config/pwfile".
1629090076: Error opening password file "/mosquitto/config/pwfile".
1629090247: mosquitto version 2.0.11 starting
1629090247: Config loaded from /mosquitto/config/mosquitto.conf.
1629090247: Opening ipv4 listen socket on port 1882.
1629090247: Opening ipv6 listen socket on port 1882.
1629090247: mosquitto version 2.0.11 running
1629090278: mosquitto version 2.0.11 terminating
1629090278: Saving in-memory database to /mosquitto/data//mosquitto.db.
1629090316: mosquitto version 2.0.11 starting
1629090316: Config loaded from /mosquitto/config/mosquitto.conf.
1629090316: Opening ipv4 listen socket on port 1883.
1629090316: Opening ipv6 listen socket on port 1883.
1629090316: mosquitto version 2.0.11 running
1629090438: New connection from 192.168.0.84:51969 on port 1883.
1629090438: New client connected from 192.168.0.84:51969 as auto-C17897CF-45E4-A537-0749-CB83B2C1ADED (p2, c1, k60, u'henda').
1629090438: Client auto-C17897CF-45E4-A537-0749-CB83B2C1ADED disconnected.
1629090666: New connection from 192.168.0.84:63934 on port 1883.
1629090666: New client connected from 192.168.0.84:63934 as auto-D0FF8D20-C17C-C203-9821-03EA69388CDC (p2, c1, k60, u'henda').
1629090695: New connection from 192.168.0.84:60510 on port 1883.
1629090695: New client connected from 192.168.0.84:60510 as auto-AFFFCEA1-279E-6C82-3EA4-1024A4203F67 (p2, c1, k60, u'henda').
1629090695: Client auto-AFFFCEA1-279E-6C82-3EA4-1024A4203F67 disconnected.
1629091379: New connection from 192.168.0.84:61951 on port 1883.
1629091379: New client connected from 192.168.0.84:61951 as auto-63C89319-00CE-E301-DED8-578CA07E4C58 (p2, c1, k60, u'henda').
1629091379: Client auto-63C89319-00CE-E301-DED8-578CA07E4C58 disconnected.
1629091392: New connection from 192.168.0.84:56387 on port 1883.
1629091392: New client connected from 192.168.0.84:56387 as auto-00D749EF-88E4-85BA-05E9-84FCAB76AFEA (p2, c1, k60, u'henda').
1629091392: Client auto-00D749EF-88E4-85BA-05E9-84FCAB76AFEA disconnected.
1629092116: Saving in-memory database to /mosquitto/data//mosquitto.db.
